app/build/outputs/mapping/fdroidRelease/seeds.txt
io.heckel.ntfy.ui.ShareActivity
io.heckel.ntfy.service.SubscriberService$AutoRestartReceiver
io.heckel.ntfy.ui.SettingsActivity$UserSettingsFragment
io.heckel.ntfy.msg.DownloadAttachmentWorker
io.heckel.ntfy.up.BroadcastReceiver
io.heckel.ntfy.msg.NotificationService$ViewActionWithClearActivity
io.heckel.ntfy.ui.NotificationFragment
io.heckel.ntfy.ui.DetailActivity
io.heckel.ntfy.app.Application
io.heckel.ntfy.ui.UserFragment
io.heckel.ntfy.db.Database
io.heckel.ntfy.ui.SettingsActivity$SettingsFragment$NopasteResponse
io.heckel.ntfy.ui.SettingsActivity
io.heckel.ntfy.ui.MainActivity
io.heckel.ntfy.msg.BroadcastService$BroadcastReceiver
io.heckel.ntfy.msg.UserActionWorker
io.heckel.ntfy.msg.NotificationService$DeleteBroadcastReceiver
io.heckel.ntfy.db.Database_Impl
io.heckel.ntfy.ui.SettingsActivity$SettingsFragment
io.heckel.ntfy.ui.DetailSettingsActivity$SettingsFragment
io.heckel.ntfy.service.SubscriberServiceManager$ServiceStartWorker
io.heckel.ntfy.work.DeleteWorker
io.heckel.ntfy.ui.AddFragment
io.heckel.ntfy.ui.DetailSettingsActivity
io.heckel.ntfy.msg.NotificationService$UserActionBroadcastReceiver
io.heckel.ntfy.service.SubscriberService$BootStartReceiver
io.heckel.ntfy.msg.DownloadIconWorker
io.heckel.ntfy.msg.MessageAttachment
io.heckel.ntfy.service.SubscriberService
io.heckel.ntfy.firebase.FirebaseService
io.heckel.ntfy.msg.Message
io.heckel.ntfy.work.PollWorker
io.heckel.ntfy.msg.MessageAction
io.heckel.ntfy.msg.Message: java.lang.String title
io.heckel.ntfy.msg.MessageAttachment: java.lang.String url
io.heckel.ntfy.msg.MessageAction: java.lang.String body
io.heckel.ntfy.msg.Message: java.lang.String topic
io.heckel.ntfy.msg.Message: io.heckel.ntfy.msg.MessageAttachment attachment
io.heckel.ntfy.msg.Message: long time
io.heckel.ntfy.msg.MessageAction: java.util.Map extras
io.heckel.ntfy.msg.Message: java.util.List actions
io.heckel.ntfy.msg.Message: java.lang.String encoding
io.heckel.ntfy.msg.Message: java.lang.String icon
io.heckel.ntfy.msg.Message: java.util.List tags
io.heckel.ntfy.msg.MessageAction: java.lang.String intent
io.heckel.ntfy.msg.Message: java.lang.String id
io.heckel.ntfy.msg.MessageAttachment: java.lang.Long expires
io.heckel.ntfy.msg.Message: java.lang.String click
io.heckel.ntfy.msg.MessageAction: java.lang.Boolean clear
io.heckel.ntfy.msg.Message: java.lang.String event
io.heckel.ntfy.msg.MessageAttachment: java.lang.String type
io.heckel.ntfy.ui.SettingsActivity$SettingsFragment$NopasteResponse: java.lang.String url
io.heckel.ntfy.msg.MessageAction: java.lang.String action
io.heckel.ntfy.msg.MessageAction: java.util.Map headers
io.heckel.ntfy.msg.MessageAction: java.lang.String url
io.heckel.ntfy.msg.MessageAttachment: java.lang.String name
io.heckel.ntfy.msg.MessageAction: java.lang.String method
io.heckel.ntfy.msg.Message: java.lang.Integer priority
io.heckel.ntfy.msg.Message: java.lang.String message
io.heckel.ntfy.msg.MessageAttachment: java.lang.Long size
io.heckel.ntfy.msg.MessageAction: java.lang.String label
io.heckel.ntfy.msg.MessageAction: java.lang.String id
io.heckel.ntfy.ui.SettingsActivity$SettingsFragment$NopasteResponse: int hashCode()
io.heckel.ntfy.msg.MessageAction: java.lang.String component3()
io.heckel.ntfy.msg.Message: io.heckel.ntfy.msg.MessageAttachment getAttachment()
io.heckel.ntfy.msg.MessageAction: java.lang.Boolean component4()
io.heckel.ntfy.msg.MessageAction: java.lang.String getLabel()
io.heckel.ntfy.msg.Message: java.lang.Integer component5()
io.heckel.ntfy.msg.Message: long component2()
io.heckel.ntfy.ui.DetailSettingsActivity: DetailSettingsActivity()
io.heckel.ntfy.ui.NotificationFragment: NotificationFragment()
io.heckel.ntfy.msg.Message: java.lang.String getId()
io.heckel.ntfy.msg.MessageAction: java.util.Map getHeaders()
io.heckel.ntfy.work.DeleteWorker: DeleteWorker(android.content.Context,androidx.work.WorkerParameters)
io.heckel.ntfy.msg.MessageAction: java.lang.String getBody()
...
androidx.core.app.RemoteActionCompat
androidx.versionedparcelable.CustomVersionedParcelable
androidx.core.graphics.drawable.IconCompatParcelizer
androidx.cardview.widget.CardView
androidx.core.widget.NestedScrollView
androidx.appcompat.widget.ActionBarContainer
android.support.v4.media.session.ParcelableVolumeInfo
androidx.activity.ComponentActivity$3
kotlinx.coroutines.android.AndroidExceptionPreHandler
androidx.activity.ComponentActivity$4
androidx.work.impl.background.systemalarm.ConstraintProxy$StorageNotLowProxy
com.google.android.material.transformation.FabTransformationSheetBehavior
androidx.appcompat.widget.SwitchCompat
androidx.preference.PreferenceScreen
androidx.savedstate.Recreator
com.google.android.material.floatingactionbutton.FloatingActionButton
androidx.work.ArrayCreatingInputMerger
androidx.emoji2.text.EmojiCompatInitializer
androidx.core.app.CoreComponentFactory
androidx.appcompat.widget.ActionBarOverlayLayout
androidx.work.Worker
com.google.android.material.timepicker.TimePickerView
androidx.media.AudioAttributesImplApi21
androidx.preference.PreferenceGroup
com.google.android.material.bottomsheet.BottomSheetBehavior
androidx.annotation.Keep
androidx.lifecycle.LifecycleCoroutineScopeImpl
androidx.coordinatorlayout.widget.CoordinatorLayout
androidx.constraintlayout.widget.Guideline
androidx.preference.TwoStatePreference
androidx.lifecycle.Lifecycling$1
com.google.android.material.datepicker.MaterialCalendar
androidx.appcompat.widget.ActionBarContextView
com.google.android.material.datepicker.MaterialTextInputPicker
android.support.v4.graphics.drawable.IconCompatParcelizer
com.google.android.material.imageview.ShapeableImageView
androidx.preference.SwitchPreferenceCompat
android.support.v4.media.MediaBrowserCompat$CustomActionResultReceiver
com.google.android.material.floatingactionbutton.FloatingActionButton$BaseBehavior
android.support.v4.media.session.PlaybackStateCompat$CustomAction
androidx.lifecycle.FullLifecycleObserverAdapter
androidx.work.OverwritingInputMerger
android.support.v4.media.RatingCompat
androidx.fragment.app.FragmentManager$6
androidx.room.MultiInstanceInvalidationService
com.google.android.material.snackbar.SnackbarContentLayout
androidx.startup.InitializationProvider
kotlin.internal.jdk7.JDK7PlatformImplementations
androidx.appcompat.widget.SearchView
androidx.preference.PreferenceFragmentCompat
androidx.lifecycle.LiveData$LifecycleBoundObserver
androidx.lifecycle.SavedStateHandleAttacher
androidx.preference.PreferenceCategory
androidx.lifecycle.WithLifecycleStateKt$suspendWithStateAtLeastUnchecked$2$observer$1
com.google.android.material.transformation.ExpandableBehavior
androidx.lifecycle.CompositeGeneratedAdaptersObserver
androidx.preference.internal.PreferenceImageView
androidx.preference.MultiSelectListPreferenceDialogFragmentCompat
com.google.android.material.textfield.TextInputEditText
androidx.transition.FragmentTransitionSupport
androidx.appcompat.widget.DialogTitle
androidx.appcompat.view.menu.ExpandedMenuView
androidx.activity.result.ActivityResultRegistry$1
androidx.lifecycle.SavedStateHandleController
androidx.work.impl.background.systemalarm.ConstraintProxy$BatteryChargingProxy
androidx.work.impl.workers.CombineContinuationsWorker
androidx.work.impl.foreground.SystemForegroundService
com.google.android.material.theme.MaterialComponentsViewInflater
com.google.android.material.chip.ChipGroup
androidx.recyclerview.widget.LinearLayoutManager
com.google.android.material.datepicker.MaterialDatePicker
androidx.media.AudioAttributesCompat
androidx.appcompat.widget.ContentFrameLayout
androidx.work.WorkerParameters
androidx.media.AudioAttributesCompatParcelizer
com.google.android.material.card.MaterialCardView
androidx.appcompat.widget.FitWindowsFrameLayout
androidx.appcompat.view.menu.ActionMenuItemView
androidx.recyclerview.widget.RecyclerView
kotlin.internal.jdk8.JDK8PlatformImplementations
androidx.fragment.app.DialogFragment