app/build/outputs/mapping/fdroidRelease/mapping.txt
# compiler: R8
# compiler_version: 3.2.74
# min_api: 21
# common_typos_disable
# {"id":"com.android.tools.r8.mapping","version":"2.0"}
# pg_map_id: f900079
# pg_map_hash: SHA-256 f900079262be54d947acac0efa0614761221ad54dd4fd9bc3dd8b26daafb7fff
io.heckel.ntfy.app.Application -> io.heckel.ntfy.app.Application:
# {"id":"sourceFile","fileName":"Application.kt"}
    7:8:void <init>() -> <init>
    8:8:io.heckel.ntfy.db.Repository getRepository() -> getRepository
io.heckel.ntfy.app.Application$repository$2 -> io.heckel.ntfy.app.Application$repository$2:
# {"id":"sourceFile","fileName":"Application.kt"}
    8:8:java.lang.Object invoke() -> invoke
    9:11:io.heckel.ntfy.db.Repository invoke() -> invoke
io.heckel.ntfy.backup.Action -> io.heckel.ntfy.backup.Action:
# {"id":"sourceFile","fileName":"Backuper.kt"}
    399:411:void <init>(java.lang.String,java.lang.String,java.lang.String,java.lang.Boolean,java.lang.String,java.lang.String,java.util.Map,java.lang.String,java.lang.String,java.util.Map,java.lang.Integer,java.lang.String) -> <init>
    401:401:java.lang.String getAction() -> getAction
    407:407:java.lang.String getBody() -> getBody
    403:403:java.lang.Boolean getClear() -> getClear
    411:411:java.lang.String getError() -> getError
    409:409:java.util.Map getExtras() -> getExtras
    406:406:java.util.Map getHeaders() -> getHeaders
    400:400:java.lang.String getId() -> getId
    408:408:java.lang.String getIntent() -> getIntent
    402:402:java.lang.String getLabel() -> getLabel
    405:405:java.lang.String getMethod() -> getMethod
    410:410:java.lang.Integer getProgress() -> getProgress
    404:404:java.lang.String getUrl() -> getUrl
io.heckel.ntfy.backup.Attachment -> io.heckel.ntfy.backup.Attachment:
# {"id":"sourceFile","fileName":"Backuper.kt"}
    414:421:void <init>(java.lang.String,java.lang.String,java.lang.Long,java.lang.Long,java.lang.String,java.lang.String,int) -> <init>
    420:420:java.lang.String getContentUri() -> getContentUri
    418:418:java.lang.Long getExpires() -> getExpires
    415:415:java.lang.String getName() -> getName
    421:421:int getProgress() -> getProgress
    417:417:java.lang.Long getSize() -> getSize
    416:416:java.lang.String getType() -> getType
    419:419:java.lang.String getUrl() -> getUrl
io.heckel.ntfy.backup.BackupFile -> io.heckel.ntfy.backup.BackupFile:
# {"id":"sourceFile","fileName":"Backuper.kt"}
    344:350:void <init>(java.lang.String,int,io.heckel.ntfy.backup.Settings,java.util.List,java.util.List,java.util.List) -> <init>
    345:345:java.lang.String getMagic() -> getMagic
    349:349:java.util.List getNotifications() -> getNotifications
    347:347:io.heckel.ntfy.backup.Settings getSettings() -> getSettings
    348:348:java.util.List getSubscriptions() -> getSubscriptions
    350:350:java.util.List getUsers() -> getUsers
...
androidx.core.widget.AutoScrollHelper$ClampedScroller -> androidx.core.widget.AutoScrollHelper$ClampedScroller:
    756:761:void <init>() -> <init>
    831:842:void computeScrollDelta() -> computeScrollDelta
    869:869:int getDeltaX() -> getDeltaX
    877:877:int getDeltaY() -> getDeltaY
    857:857:int getHorizontalDirection() -> getHorizontalDirection
    800:808:float getValueAt(long) -> getValueAt
    861:861:int getVerticalDirection() -> getVerticalDirection
    795:796:boolean isFinished() -> isFinished
    788:791:void requestStop() -> requestStop
    769:769:void setRampDownDuration(int) -> setRampDownDuration
    765:765:void setRampUpDuration(int) -> setRampUpDuration
    852:853:void setTargetVelocity(float,float) -> setTargetVelocity
    776:781:void start() -> start
androidx.core.widget.AutoScrollHelper$ScrollAnimationRunnable -> androidx.core.widget.AutoScrollHelper$ScrollAnimationRunnable:
    695:695:void <init>(androidx.core.widget.AutoScrollHelper) -> <init>
    700:727:void run() -> run
androidx.core.widget.AutoSizeableTextView -> androidx.core.widget.AutoSizeableTextView:
    46:46:void <clinit>() -> <clinit>
androidx.core.widget.CheckedTextViewCompat -> androidx.core.widget.CheckedTextViewCompat:
    122:122:android.graphics.drawable.Drawable getCheckMarkDrawable(android.widget.CheckedTextView) -> getCheckMarkDrawable
    57:57:void setCheckMarkTintList(android.widget.CheckedTextView,android.content.res.ColorStateList) -> setCheckMarkTintList
    92:92:void setCheckMarkTintMode(android.widget.CheckedTextView,android.graphics.PorterDuff$Mode) -> setCheckMarkTintMode
androidx.core.widget.CheckedTextViewCompat$Api16Impl -> androidx.core.widget.CheckedTextViewCompat$Api16Impl:
    163:163:android.graphics.drawable.Drawable getCheckMarkDrawable(android.widget.CheckedTextView) -> getCheckMarkDrawable
androidx.core.widget.CheckedTextViewCompat$Api21Impl -> androidx.core.widget.CheckedTextViewCompat$Api21Impl:
    136:136:void setCheckMarkTintList(android.widget.CheckedTextView,android.content.res.ColorStateList) -> setCheckMarkTintList
    146:146:void setCheckMarkTintMode(android.widget.CheckedTextView,android.graphics.PorterDuff$Mode) -> setCheckMarkTintMode
androidx.core.widget.CompoundButtonCompat -> androidx.core.widget.CompoundButtonCompat:
    125:144:android.graphics.drawable.Drawable getButtonDrawable(android.widget.CompoundButton) -> getButtonDrawable
    74:74:android.content.res.ColorStateList getButtonTintList(android.widget.CompoundButton) -> getButtonTintList
    60:60:void setButtonTintList(android.widget.CompoundButton,android.content.res.ColorStateList) -> setButtonTintList
    96:96:void setButtonTintMode(android.widget.CompoundButton,android.graphics.PorterDuff$Mode) -> setButtonTintMode
androidx.core.widget.CompoundButtonCompat$Api21Impl -> androidx.core.widget.CompoundButtonCompat$Api21Impl:
    163:163:android.content.res.ColorStateList getButtonTintList(android.widget.CompoundButton) -> getButtonTintList
    173:173:android.graphics.PorterDuff$Mode getButtonTintMode(android.widget.CompoundButton) -> getButtonTintMode
    158:158:void setButtonTintList(android.widget.CompoundButton,android.content.res.ColorStateList) -> setButtonTintList
    168:168:void setButtonTintMode(android.widget.CompoundButton,android.graphics.PorterDuff$Mode) -> setButtonTintMode
androidx.core.widget.CompoundButtonCompat$Api23Impl -> androidx.core.widget.CompoundButtonCompat$Api23Impl:
    185:185:android.graphics.drawable.Drawable getButtonDrawable(android.widget.CompoundButton) -> getButtonDrawable
androidx.core.widget.EdgeEffectCompat -> androidx.core.widget.EdgeEffectCompat:
    69:73:android.widget.EdgeEffect create(android.content.Context,android.util.AttributeSet) -> create
    90:91:float getDistance(android.widget.EdgeEffect) -> getDistance
    198:198:void onPull(android.widget.EdgeEffect,float,float) -> onPull
    245:248:float onPullDistance(android.widget.EdgeEffect,float,float) -> onPullDistance