app/build/outputs/mapping/fdroidRelease/usage.txt
io.heckel.ntfy.BuildConfig
io.heckel.ntfy.R$anim
io.heckel.ntfy.R$animator
io.heckel.ntfy.R$array
io.heckel.ntfy.R$attr
io.heckel.ntfy.R$bool
io.heckel.ntfy.R$color
io.heckel.ntfy.R$dimen
io.heckel.ntfy.R$drawable
io.heckel.ntfy.R$id
io.heckel.ntfy.R$integer
io.heckel.ntfy.R$interpolator
io.heckel.ntfy.R$layout
io.heckel.ntfy.R$menu
io.heckel.ntfy.R$mipmap
io.heckel.ntfy.R$plurals
io.heckel.ntfy.R$string
io.heckel.ntfy.R$style
io.heckel.ntfy.R$styleable
io.heckel.ntfy.R$xml
io.heckel.ntfy.R
io.heckel.ntfy.backup.Action:
    public final java.lang.String component1()
    public final java.util.Map component10()
    public final java.lang.Integer component11()
    public final java.lang.String component12()
    public final java.lang.String component2()
    public final java.lang.String component3()
    public final java.lang.Boolean component4()
    public final java.lang.String component5()
    public final java.lang.String component6()
    public final java.util.Map component7()
    public final java.lang.String component8()
    public final java.lang.String component9()
    public final io.heckel.ntfy.backup.Action copy(java.lang.String,java.lang.String,java.lang.String,java.lang.Boolean,java.lang.String,java.lang.String,java.util.Map,java.lang.String,java.lang.String,java.util.Map,java.lang.Integer,java.lang.String)
    public static synthetic io.heckel.ntfy.backup.Action copy$default(io.heckel.ntfy.backup.Action,java.lang.String,java.lang.String,java.lang.String,java.lang.Boolean,java.lang.String,java.lang.String,java.util.Map,java.lang.String,java.lang.String,java.util.Map,java.lang.Integer,java.lang.String,int,java.lang.Object)
io.heckel.ntfy.backup.Attachment:
    public final java.lang.String component1()
    public final java.lang.String component2()
    public final java.lang.Long component3()
    public final java.lang.Long component4()
    public final java.lang.String component5()
    public final java.lang.String component6()
    public final int component7()
    public final io.heckel.ntfy.backup.Attachment copy(java.lang.String,java.lang.String,java.lang.Long,java.lang.Long,java.lang.String,java.lang.String,int)
    public static synthetic io.heckel.ntfy.backup.Attachment copy$default(io.heckel.ntfy.backup.Attachment,java.lang.String,java.lang.String,java.lang.Long,java.lang.Long,java.lang.String,java.lang.String,int,int,java.lang.Object)
io.heckel.ntfy.backup.BackupFile:
    public final java.lang.String component1()
    public final int component2()
    public final io.heckel.ntfy.backup.Settings component3()
    public final java.util.List component4()
    public final java.util.List component5()
    public final java.util.List component6()
    public final io.heckel.ntfy.backup.BackupFile copy(java.lang.String,int,io.heckel.ntfy.backup.Settings,java.util.List,java.util.List,java.util.List)
    public static synthetic io.heckel.ntfy.backup.BackupFile copy$default(io.heckel.ntfy.backup.BackupFile,java.lang.String,int,io.heckel.ntfy.backup.Settings,java.util.List,java.util.List,java.util.List,int,java.lang.Object)
    public final int getVersion()
io.heckel.ntfy.backup.Backuper:
    private static final java.lang.String FILE_MAGIC
    private static final int FILE_VERSION
    private static final java.lang.String TAG
    public final android.content.Context getContext()
io.heckel.ntfy.backup.Icon:
    public final java.lang.String component1()
    public final java.lang.String component2()
    public final io.heckel.ntfy.backup.Icon copy(java.lang.String,java.lang.String)
    public static synthetic io.heckel.ntfy.backup.Icon copy$default(io.heckel.ntfy.backup.Icon,java.lang.String,java.lang.String,int,java.lang.Object)
...
androidx.transition.TranslationAnimationCreator
androidx.transition.ViewGroupUtils:
    private static java.lang.reflect.Method sGetChildDrawingOrderMethod
    private static boolean sGetChildDrawingOrderMethodFetched
    private void <init>()
    static int getChildDrawingOrder(android.view.ViewGroup,int)
androidx.transition.ViewGroupUtilsApi14:
    private static final int LAYOUT_TRANSITION_CHANGING
    private static final java.lang.String TAG
    private void <init>()
androidx.transition.ViewOverlayApi14$OverlayViewGroup:
    protected android.view.ViewParent invalidateChildInParentFast(int,int,android.graphics.Rect)
androidx.transition.ViewUtils:
    private static final java.lang.String TAG
    private void <init>()
    static void setAnimationMatrix(android.view.View,android.graphics.Matrix)
androidx.transition.ViewUtilsApi21:
    public void setAnimationMatrix(android.view.View,android.graphics.Matrix)
androidx.transition.ViewUtilsApi29:
    public void setAnimationMatrix(android.view.View,android.graphics.Matrix)
androidx.transition.ViewUtilsBase:
    private static final java.lang.String TAG
    private static final int VISIBILITY_MASK
    private float[] mMatrixValues
    public void setAnimationMatrix(android.view.View,android.graphics.Matrix)
androidx.transition.Visibility$Mode
androidx.transition.Visibility:
    public static final int MODE_IN
    public static final int MODE_OUT
    private static final java.lang.String PROPNAME_PARENT
    private static final java.lang.String PROPNAME_SCREEN_LOCATION
    static final java.lang.String PROPNAME_VISIBILITY
    public void <init>(android.content.Context,android.util.AttributeSet)
    public int getMode()
    public boolean isVisible(androidx.transition.TransitionValues)
androidx.transition.VisibilityPropagation
androidx.vectordrawable.R$attr
androidx.vectordrawable.R$color
androidx.vectordrawable.R$dimen
androidx.vectordrawable.R$drawable
androidx.vectordrawable.R$id
androidx.vectordrawable.R$integer
androidx.vectordrawable.R$layout
androidx.vectordrawable.R$string
androidx.vectordrawable.R$style
androidx.vectordrawable.R$styleable
androidx.vectordrawable.R
androidx.vectordrawable.animated.R$attr
androidx.vectordrawable.animated.R$color
androidx.vectordrawable.animated.R$dimen
androidx.vectordrawable.animated.R$drawable
androidx.vectordrawable.animated.R$id
androidx.vectordrawable.animated.R$integer
androidx.vectordrawable.animated.R$layout
androidx.vectordrawable.animated.R$string
androidx.vectordrawable.animated.R$style
androidx.vectordrawable.animated.R$styleable
androidx.vectordrawable.animated.R